<?xml version="1.0" encoding="UTF-8"?>
<!-- Generated by org.testng.reporters.JUnitXMLReporter -->
<testsuite ignored="0" hostname="LAPTOP-LIL66L1B" failures="0" tests="5" name="Test" time="0.054" errors="0" timestamp="2023-07-11T17:58:40 IST">
  <testcase classname="com.testng.demo.AppTest" name="test1" time="0.008"/>
  <testcase classname="com.testng.demo.AppTest" name="test2" time="0.002"/>
  <testcase classname="com.testng.demo.DemoTest2" name="test1" time="0.0"/>
  <testcase classname="com.testng.demo.DemoTest2" name="test2" time="0.002"/>
  <testcase classname="com.testng.demo.DemoTest1" name="test1" time="0.001"/>
</testsuite> <!-- Test -->
