<?xml version="1.0" encoding="UTF-8"?>
<testng-results ignored="0" total="2" passed="2" failed="0" skipped="0">
  <reporter-output>
  </reporter-output>
  <suite started-at="2023-07-13T11:57:06 IST" name="Default suite" finished-at="2023-07-13T11:57:06 IST" duration-ms="53">
    <groups>
    </groups>
    <test started-at="2023-07-13T11:57:06 IST" name="Default test" finished-at="2023-07-13T11:57:06 IST" duration-ms="53">
      <class name="com.testng.demo.PriorityTestcase">
        <test-method signature="atestCase2()[pri:0, instance:com.testng.demo.PriorityTestcase@5562c41e]" started-at="2023-07-13T11:57:06 IST" name="atestCase2" finished-at="2023-07-13T11:57:06 IST" duration-ms="14" status="PASS">
          <reporter-output>
          </reporter-output>
        </test-method> <!-- atestCase2 -->
        <test-method signature="btestCase1()[pri:0, instance:com.testng.demo.PriorityTestcase@5562c41e]" started-at="2023-07-13T11:57:06 IST" name="btestCase1" finished-at="2023-07-13T11:57:06 IST" duration-ms="2" status="PASS">
          <reporter-output>
          </reporter-output>
        </test-method> <!-- btestCase1 -->
      </class> <!-- com.testng.demo.PriorityTestcase -->
    </test> <!-- Default test -->
  </suite> <!-- Default suite -->
</testng-results>
